-------------------------------------------------------------------------------
Test set: com.ifi.repository.PokemonTypeRepositoryTest
-------------------------------------------------------------------------------
Tests run: 2, Failures: 2, Errors: 0, Skipped: 0, Time elapsed: 0.174 s <<< FAILURE! - in com.ifi.repository.PokemonTypeRepositoryTest
findPokemonById_with25_shouldReturnPikachu  Time elapsed: 0.018 s  <<< FAILURE!
org.opentest4j.AssertionFailedError: expected: not <null>
	at com.ifi.repository.PokemonTypeRepositoryTest.findPokemonById_with25_shouldReturnPikachu(PokemonTypeRepositoryTest.java:14)

findPokemonById_with145_shouldReturnZapdos  Time elapsed: 0.001 s  <<< FAILURE!
org.opentest4j.AssertionFailedError: expected: not <null>
	at com.ifi.repository.PokemonTypeRepositoryTest.findPokemonById_with145_shouldReturnZapdos(PokemonTypeRepositoryTest.java:22)

