<?xml version="1.0" encoding="UTF-8"?>
<testsuite xmlns:xsi="http://www.w3.org/2001/XMLSchema-instance" xsi:noNamespaceSchemaLocation="https://maven.apache.org/surefire/maven-surefire-plugin/xsd/surefire-test-report.xsd" name="com.ifi.repository.PokemonTypeRepositoryTest" time="0.174" tests="2" errors="0" skipped="0" failures="2">
  <properties>
[...]
</properties>
  <testcase name="findPokemonById_with25_shouldReturnPikachu" classname="com.ifi.repository.PokemonTypeRepositoryTest" time="0.018">
    <failure message="expected: not &lt;null&gt;" type="org.opentest4j.AssertionFailedError"><![CDATA[org.opentest4j.AssertionFailedError: expected: not <null>
	at com.ifi.repository.PokemonTypeRepositoryTest.findPokemonById_with25_shouldReturnPikachu(PokemonTypeRepositoryTest.java:14)
]]></failure>
    <system-out><![CDATA[Loading Pokemon information for Pokemon id 25
]]></system-out>
  </testcase>
  <testcase name="findPokemonById_with145_shouldReturnZapdos" classname="com.ifi.repository.PokemonTypeRepositoryTest" time="0.001">
    <failure message="expected: not &lt;null&gt;" type="org.opentest4j.AssertionFailedError"><![CDATA[org.opentest4j.AssertionFailedError: expected: not <null>
	at com.ifi.repository.PokemonTypeRepositoryTest.findPokemonById_with145_shouldReturnZapdos(PokemonTypeRepositoryTest.java:22)
]]></failure>
    <system-out><![CDATA[Loading Pokemon information for Pokemon id 145
]]></system-out>
  </testcase>
</testsuite>